  AlmacenDatos.cpp
C:\Users\wilso\OneDrive\Escritorio\Mariano Galvez\Tercer año 2021\Segundo Semestre\Sistemas Operativos I\Tareas\Modulo 1\UltimoProyectoSO\NuevoProSO\AlmacenDatos.h(1,13): warning C4081: se esperaba 'newline'; se encontró '.'
C:\Users\wilso\OneDrive\Escritorio\Mariano Galvez\Tercer año 2021\Segundo Semestre\Sistemas Operativos I\Tareas\Modulo 1\UltimoProyectoSO\NuevoProSO\AlmacenDatos.h(2,10): warning C4067: símbolos (token) inesperados después de la directiva del preprocesador; se esperaba una nueva línea
C:\Users\wilso\OneDrive\Escritorio\Mariano Galvez\Tercer año 2021\Segundo Semestre\Sistemas Operativos I\Tareas\Modulo 1\UltimoProyectoSO\NuevoProSO\AlmacenDatos.h(3,9): warning C4067: símbolos (token) inesperados después de la directiva del preprocesador; se esperaba una nueva línea
C:\Users\wilso\OneDrive\Escritorio\Mariano Galvez\Tercer año 2021\Segundo Semestre\Sistemas Operativos I\Tareas\Modulo 1\UltimoProyectoSO\NuevoProSO\AlmacenDatos.h(4,9): warning C4067: símbolos (token) inesperados después de la directiva del preprocesador; se esperaba una nueva línea
C:\Users\wilso\OneDrive\Escritorio\Mariano Galvez\Tercer año 2021\Segundo Semestre\Sistemas Operativos I\Tareas\Modulo 1\UltimoProyectoSO\NuevoProSO\AlmacenDatos.h(5,9): warning C4067: símbolos (token) inesperados después de la directiva del preprocesador; se esperaba una nueva línea
C:\Users\wilso\OneDrive\Escritorio\Mariano Galvez\Tercer año 2021\Segundo Semestre\Sistemas Operativos I\Tareas\Modulo 1\UltimoProyectoSO\NuevoProSO\AlmacenDatos.h(6,9): warning C4067: símbolos (token) inesperados después de la directiva del preprocesador; se esperaba una nueva línea
C:\Users\wilso\OneDrive\Escritorio\Mariano Galvez\Tercer año 2021\Segundo Semestre\Sistemas Operativos I\Tareas\Modulo 1\UltimoProyectoSO\NuevoProSO\AlmacenDatos.h(7,9): warning C4067: símbolos (token) inesperados después de la directiva del preprocesador; se esperaba una nueva línea
C:\Users\wilso\OneDrive\Escritorio\Mariano Galvez\Tercer año 2021\Segundo Semestre\Sistemas Operativos I\Tareas\Modulo 1\UltimoProyectoSO\NuevoProSO\AlmacenDatos.h(8,9): warning C4067: símbolos (token) inesperados después de la directiva del preprocesador; se esperaba una nueva línea
C:\Users\wilso\OneDrive\Escritorio\Mariano Galvez\Tercer año 2021\Segundo Semestre\Sistemas Operativos I\Tareas\Modulo 1\UltimoProyectoSO\NuevoProSO\AlmacenDatos.h(9,9): warning C4067: símbolos (token) inesperados después de la directiva del preprocesador; se esperaba una nueva línea
C:\Users\wilso\OneDrive\Escritorio\Mariano Galvez\Tercer año 2021\Segundo Semestre\Sistemas Operativos I\Tareas\Modulo 1\UltimoProyectoSO\NuevoProSO\AlmacenDatos.h(10,9): warning C4067: símbolos (token) inesperados después de la directiva del preprocesador; se esperaba una nueva línea
C:\Users\wilso\OneDrive\Escritorio\Mariano Galvez\Tercer año 2021\Segundo Semestre\Sistemas Operativos I\Tareas\Modulo 1\UltimoProyectoSO\NuevoProSO\AlmacenDatos.h(60,21): warning C4018: '<': no coinciden signed/unsigned
C:\Users\wilso\OneDrive\Escritorio\Mariano Galvez\Tercer año 2021\Segundo Semestre\Sistemas Operativos I\Tareas\Modulo 1\UltimoProyectoSO\NuevoProSO\AlmacenDatos.h(71,21): warning C4018: '<': no coinciden signed/unsigned
C:\Users\wilso\OneDrive\Escritorio\Mariano Galvez\Tercer año 2021\Segundo Semestre\Sistemas Operativos I\Tareas\Modulo 1\UltimoProyectoSO\NuevoProSO\AlmacenDatos.h(85,22): warning C4018: '<': no coinciden signed/unsigned
C:\Users\wilso\OneDrive\Escritorio\Mariano Galvez\Tercer año 2021\Segundo Semestre\Sistemas Operativos I\Tareas\Modulo 1\UltimoProyectoSO\NuevoProSO\AlmacenDatos.h(104,21): warning C4018: '<': no coinciden signed/unsigned
C:\Users\wilso\OneDrive\Escritorio\Mariano Galvez\Tercer año 2021\Segundo Semestre\Sistemas Operativos I\Tareas\Modulo 1\UltimoProyectoSO\NuevoProSO\AlmacenDatos.h(106,22): warning C4018: '<': no coinciden signed/unsigned
C:\Users\wilso\OneDrive\Escritorio\Mariano Galvez\Tercer año 2021\Segundo Semestre\Sistemas Operativos I\Tareas\Modulo 1\UltimoProyectoSO\NuevoProSO\AlmacenDatos.h(129,21): warning C4018: '<': no coinciden signed/unsigned
C:\Users\wilso\OneDrive\Escritorio\Mariano Galvez\Tercer año 2021\Segundo Semestre\Sistemas Operativos I\Tareas\Modulo 1\UltimoProyectoSO\NuevoProSO\AlmacenDatos.h(206,22): warning C4018: '<': no coinciden signed/unsigned
C:\Users\wilso\OneDrive\Escritorio\Mariano Galvez\Tercer año 2021\Segundo Semestre\Sistemas Operativos I\Tareas\Modulo 1\UltimoProyectoSO\NuevoProSO\AlmacenDatos.h(308,21): warning C4018: '<': no coinciden signed/unsigned
  NuevoProSO.cpp
C:\Users\wilso\OneDrive\Escritorio\Mariano Galvez\Tercer año 2021\Segundo Semestre\Sistemas Operativos I\Tareas\Modulo 1\UltimoProyectoSO\NuevoProSO\NuevoProSO.cpp(5,10): warning C4067: símbolos (token) inesperados después de la directiva del preprocesador; se esperaba una nueva línea
C:\Users\wilso\OneDrive\Escritorio\Mariano Galvez\Tercer año 2021\Segundo Semestre\Sistemas Operativos I\Tareas\Modulo 1\UltimoProyectoSO\NuevoProSO\NuevoProSO.cpp(6,10): warning C4067: símbolos (token) inesperados después de la directiva del preprocesador; se esperaba una nueva línea
C:\Users\wilso\OneDrive\Escritorio\Mariano Galvez\Tercer año 2021\Segundo Semestre\Sistemas Operativos I\Tareas\Modulo 1\UltimoProyectoSO\NuevoProSO\AlmacenDatos.h(1,13): warning C4081: se esperaba 'newline'; se encontró '.'
C:\Users\wilso\OneDrive\Escritorio\Mariano Galvez\Tercer año 2021\Segundo Semestre\Sistemas Operativos I\Tareas\Modulo 1\UltimoProyectoSO\NuevoProSO\AlmacenDatos.h(2,10): warning C4067: símbolos (token) inesperados después de la directiva del preprocesador; se esperaba una nueva línea
C:\Users\wilso\OneDrive\Escritorio\Mariano Galvez\Tercer año 2021\Segundo Semestre\Sistemas Operativos I\Tareas\Modulo 1\UltimoProyectoSO\NuevoProSO\AlmacenDatos.h(3,9): warning C4067: símbolos (token) inesperados después de la directiva del preprocesador; se esperaba una nueva línea
C:\Users\wilso\OneDrive\Escritorio\Mariano Galvez\Tercer año 2021\Segundo Semestre\Sistemas Operativos I\Tareas\Modulo 1\UltimoProyectoSO\NuevoProSO\AlmacenDatos.h(4,9): warning C4067: símbolos (token) inesperados después de la directiva del preprocesador; se esperaba una nueva línea
C:\Users\wilso\OneDrive\Escritorio\Mariano Galvez\Tercer año 2021\Segundo Semestre\Sistemas Operativos I\Tareas\Modulo 1\UltimoProyectoSO\NuevoProSO\AlmacenDatos.h(5,9): warning C4067: símbolos (token) inesperados después de la directiva del preprocesador; se esperaba una nueva línea
C:\Users\wilso\OneDrive\Escritorio\Mariano Galvez\Tercer año 2021\Segundo Semestre\Sistemas Operativos I\Tareas\Modulo 1\UltimoProyectoSO\NuevoProSO\AlmacenDatos.h(6,9): warning C4067: símbolos (token) inesperados después de la directiva del preprocesador; se esperaba una nueva línea
C:\Users\wilso\OneDrive\Escritorio\Mariano Galvez\Tercer año 2021\Segundo Semestre\Sistemas Operativos I\Tareas\Modulo 1\UltimoProyectoSO\NuevoProSO\AlmacenDatos.h(7,9): warning C4067: símbolos (token) inesperados después de la directiva del preprocesador; se esperaba una nueva línea
C:\Users\wilso\OneDrive\Escritorio\Mariano Galvez\Tercer año 2021\Segundo Semestre\Sistemas Operativos I\Tareas\Modulo 1\UltimoProyectoSO\NuevoProSO\AlmacenDatos.h(8,9): warning C4067: símbolos (token) inesperados después de la directiva del preprocesador; se esperaba una nueva línea
C:\Users\wilso\OneDrive\Escritorio\Mariano Galvez\Tercer año 2021\Segundo Semestre\Sistemas Operativos I\Tareas\Modulo 1\UltimoProyectoSO\NuevoProSO\AlmacenDatos.h(9,9): warning C4067: símbolos (token) inesperados después de la directiva del preprocesador; se esperaba una nueva línea
C:\Users\wilso\OneDrive\Escritorio\Mariano Galvez\Tercer año 2021\Segundo Semestre\Sistemas Operativos I\Tareas\Modulo 1\UltimoProyectoSO\NuevoProSO\AlmacenDatos.h(10,9): warning C4067: símbolos (token) inesperados después de la directiva del preprocesador; se esperaba una nueva línea
C:\Users\wilso\OneDrive\Escritorio\Mariano Galvez\Tercer año 2021\Segundo Semestre\Sistemas Operativos I\Tareas\Modulo 1\UltimoProyectoSO\NuevoProSO\AlmacenDatos.h(60,21): warning C4018: '<': no coinciden signed/unsigned
C:\Users\wilso\OneDrive\Escritorio\Mariano Galvez\Tercer año 2021\Segundo Semestre\Sistemas Operativos I\Tareas\Modulo 1\UltimoProyectoSO\NuevoProSO\AlmacenDatos.h(71,21): warning C4018: '<': no coinciden signed/unsigned
C:\Users\wilso\OneDrive\Escritorio\Mariano Galvez\Tercer año 2021\Segundo Semestre\Sistemas Operativos I\Tareas\Modulo 1\UltimoProyectoSO\NuevoProSO\AlmacenDatos.h(85,22): warning C4018: '<': no coinciden signed/unsigned
C:\Users\wilso\OneDrive\Escritorio\Mariano Galvez\Tercer año 2021\Segundo Semestre\Sistemas Operativos I\Tareas\Modulo 1\UltimoProyectoSO\NuevoProSO\AlmacenDatos.h(104,21): warning C4018: '<': no coinciden signed/unsigned
C:\Users\wilso\OneDrive\Escritorio\Mariano Galvez\Tercer año 2021\Segundo Semestre\Sistemas Operativos I\Tareas\Modulo 1\UltimoProyectoSO\NuevoProSO\AlmacenDatos.h(106,22): warning C4018: '<': no coinciden signed/unsigned
C:\Users\wilso\OneDrive\Escritorio\Mariano Galvez\Tercer año 2021\Segundo Semestre\Sistemas Operativos I\Tareas\Modulo 1\UltimoProyectoSO\NuevoProSO\AlmacenDatos.h(129,21): warning C4018: '<': no coinciden signed/unsigned
C:\Users\wilso\OneDrive\Escritorio\Mariano Galvez\Tercer año 2021\Segundo Semestre\Sistemas Operativos I\Tareas\Modulo 1\UltimoProyectoSO\NuevoProSO\AlmacenDatos.h(206,22): warning C4018: '<': no coinciden signed/unsigned
C:\Users\wilso\OneDrive\Escritorio\Mariano Galvez\Tercer año 2021\Segundo Semestre\Sistemas Operativos I\Tareas\Modulo 1\UltimoProyectoSO\NuevoProSO\AlmacenDatos.h(308,21): warning C4018: '<': no coinciden signed/unsigned
C:\Users\wilso\OneDrive\Escritorio\Mariano Galvez\Tercer año 2021\Segundo Semestre\Sistemas Operativos I\Tareas\Modulo 1\UltimoProyectoSO\NuevoProSO\NuevoProSO.cpp(7,10): warning C4067: símbolos (token) inesperados después de la directiva del preprocesador; se esperaba una nueva línea
C:\Users\wilso\OneDrive\Escritorio\Mariano Galvez\Tercer año 2021\Segundo Semestre\Sistemas Operativos I\Tareas\Modulo 1\UltimoProyectoSO\NuevoProSO\NuevoProSO.cpp(74,9): warning C4101: 'tiempo': variable local sin referencia
  Generando código...
  NuevoProSO.vcxproj -> C:\Users\wilso\OneDrive\Escritorio\Mariano Galvez\Tercer año 2021\Segundo Semestre\Sistemas Operativos I\Tareas\Modulo 1\UltimoProyectoSO\Debug\NuevoProSO.exe
